#
# There is insufficient memory for the Java Runtime Environment to continue.
# Native memory allocation (mmap) failed to map 2863661056 bytes for committing reserved memory.
# Possible reasons:
#   The system is out of physical RAM or swap space
#   In 32 bit mode, the process size limit was hit
# Possible solutions:
#   Reduce memory load on the system
#   Increase physical memory or swap space
#   Check if swap backing store is full
#   Use 64 bit Java on a 64 bit OS
#   Decrease Java heap size (-Xmx/-Xms)
#   Decrease number of Java threads
#   Decrease Java thread stack sizes (-Xss)
#   Set larger code cache with -XX:ReservedCodeCacheSize=
# This output file may be truncated or incomplete.
#
#  Out of Memory Error (os_linux.cpp:2643), pid=27104, tid=0x00007f2830ecd700
#
# JRE version:  (8.0_181-b13) (build )
# Java VM: OpenJDK 64-Bit Server VM (25.181-b13 mixed mode linux-amd64 compressed oops)
# Failed to write core dump. Core dumps have been disabled. To enable core dumping, try "ulimit -c unlimited" before starting Java again
#

---------------  T H R E A D  ---------------

Current thread (0x00007f282800a800):  JavaThread "Unknown thread" [_thread_in_vm, id=27111, stack(0x00007f2830dce000,0x00007f2830ece000)]

Stack: [0x00007f2830dce000,0x00007f2830ece000],  sp=0x00007f2830ecc590,  free space=1017k
Native frames: (J=compiled Java code, j=interpreted, Vv=VM code, C=native code)
V  [libjvm.so+0xaaea62]
V  [libjvm.so+0x4d9897]
V  [libjvm.so+0x8e9c60]
V  [libjvm.so+0x8e41be]
V  [libjvm.so+0x964a16]
V  [libjvm.so+0x954d4c]
V  [libjvm.so+0x2b3c2e]
V  [libjvm.so+0x9119a1]
V  [libjvm.so+0xa7105a]
V  [libjvm.so+0xa71345]
V  [libjvm.so+0x62675f]
V  [libjvm.so+0xa54a9b]
V  [libjvm.so+0x6a8cb1]  JNI_CreateJavaVM+0x61
C  [libjli.so+0x2ce3]
C  [libjli.so+0x77ad]
C  [libpthread.so.0+0x76db]  start_thread+0xdb


---------------  P R O C E S S  ---------------

Java Threads: ( => current thread )

Other Threads:

=>0x00007f282800a800 (exited) JavaThread "Unknown thread" [_thread_in_vm, id=27111, stack(0x00007f2830dce000,0x00007f2830ece000)]

VM state:not at safepoint (not fully initialized)

VM Mutex/Monitor currently owned by a thread: None

GC Heap History (0 events):
No events

Deoptimization events (0 events):
No events

Classes redefined (0 events):
No events

Internal exceptions (0 events):
No events

Events (0 events):
No events


Dynamic libraries:
76ab00000-7c0000000 rw-p 00000000 00:00 0 
55e0714b1000-55e0714b2000 r-xp 00000000 08:05 1455219                    /usr/lib/jvm/java-8-openjdk-amd64/jre/bin/java
55e0716b1000-55e0716b2000 r--p 00000000 08:05 1455219                    /usr/lib/jvm/java-8-openjdk-amd64/jre/bin/java
55e0716b2000-55e0716b3000 rw-p 00001000 08:05 1455219                    /usr/lib/jvm/java-8-openjdk-amd64/jre/bin/java
55e072618000-55e072639000 rw-p 00000000 00:00 0                          [heap]
7f2819000000-7f2819270000 rwxp 00000000 00:00 0 
7f2819270000-7f2828000000 ---p 00000000 00:00 0 
7f2828000000-7f2828032000 rw-p 00000000 00:00 0 
7f2828032000-7f282c000000 ---p 00000000 00:00 0 
7f282d3cf000-7f282d924000 ---p 00000000 00:00 0 
7f282d924000-7f282dbda000 rw-p 00000000 00:00 0 
7f282dbda000-7f282df90000 ---p 00000000 00:00 0 
7f282df90000-7f282df98000 r-xp 00000000 08:05 1455267                    /usr/lib/jvm/java-8-openjdk-amd64/jre/lib/amd64/libzip.so
7f282df98000-7f282e197000 ---p 00008000 08:05 1455267                    /usr/lib/jvm/java-8-openjdk-amd64/jre/lib/amd64/libzip.so
7f282e197000-7f282e198000 r--p 00007000 08:05 1455267                    /usr/lib/jvm/java-8-openjdk-amd64/jre/lib/amd64/libzip.so
7f282e198000-7f282e199000 rw-p 00008000 08:05 1455267                    /usr/lib/jvm/java-8-openjdk-amd64/jre/lib/amd64/libzip.so
7f282e199000-7f282e1c7000 r-xp 00000000 08:05 1455246                    /usr/lib/jvm/java-8-openjdk-amd64/jre/lib/amd64/libjava.so
7f282e1c7000-7f282e3c6000 ---p 0002e000 08:05 1455246                    /usr/lib/jvm/java-8-openjdk-amd64/jre/lib/amd64/libjava.so
7f282e3c6000-7f282e3c7000 r--p 0002d000 08:05 1455246                    /usr/lib/jvm/java-8-openjdk-amd64/jre/lib/amd64/libjava.so
7f282e3c7000-7f282e3c9000 rw-p 0002e000 08:05 1455246                    /usr/lib/jvm/java-8-openjdk-amd64/jre/lib/amd64/libjava.so
7f282e3c9000-7f282e3d9000 r-xp 00000000 08:05 1455266                    /usr/lib/jvm/java-8-openjdk-amd64/jre/lib/amd64/libverify.so
7f282e3d9000-7f282e5d8000 ---p 00010000 08:05 1455266                    /usr/lib/jvm/java-8-openjdk-amd64/jre/lib/amd64/libverify.so
7f282e5d8000-7f282e5da000 r--p 0000f000 08:05 1455266                    /usr/lib/jvm/java-8-openjdk-amd64/jre/lib/amd64/libverify.so
7f282e5da000-7f282e5db000 rw-p 00011000 08:05 1455266                    /usr/lib/jvm/java-8-openjdk-amd64/jre/lib/amd64/libverify.so
7f282e5db000-7f282e5e2000 r-xp 00000000 08:05 786473                     /lib/x86_64-linux-gnu/librt-2.27.so
7f282e5e2000-7f282e7e1000 ---p 00007000 08:05 786473                     /lib/x86_64-linux-gnu/librt-2.27.so
7f282e7e1000-7f282e7e2000 r--p 00006000 08:05 786473                     /lib/x86_64-linux-gnu/librt-2.27.so
7f282e7e2000-7f282e7e3000 rw-p 00007000 08:05 786473                     /lib/x86_64-linux-gnu/librt-2.27.so
7f282e7e3000-7f282e7fa000 r-xp 00000000 08:05 786495                     /lib/x86_64-linux-gnu/libgcc_s.so.1
7f282e7fa000-7f282e9f9000 ---p 00017000 08:05 786495                     /lib/x86_64-linux-gnu/libgcc_s.so.1
7f282e9f9000-7f282e9fa000 r--p 00016000 08:05 786495                     /lib/x86_64-linux-gnu/libgcc_s.so.1
7f282e9fa000-7f282e9fb000 rw-p 00017000 08:05 786495                     /lib/x86_64-linux-gnu/libgcc_s.so.1
7f282e9fb000-7f282eb98000 r-xp 00000000 08:05 786460                     /lib/x86_64-linux-gnu/libm-2.27.so
7f282eb98000-7f282ed97000 ---p 0019d000 08:05 786460                     /lib/x86_64-linux-gnu/libm-2.27.so
7f282ed97000-7f282ed98000 r--p 0019c000 08:05 786460                     /lib/x86_64-linux-gnu/libm-2.27.so
7f282ed98000-7f282ed99000 rw-p 0019d000 08:05 786460                     /lib/x86_64-linux-gnu/libm-2.27.so
7f282ed99000-7f282ef17000 r-xp 00000000 08:05 5510054                    /usr/lib/x86_64-linux-gnu/libstdc++.so.6.0.25
7f282ef17000-7f282f117000 ---p 0017e000 08:05 5510054                    /usr/lib/x86_64-linux-gnu/libstdc++.so.6.0.25
7f282f117000-7f282f121000 r--p 0017e000 08:05 5510054                    /usr/lib/x86_64-linux-gnu/libstdc++.so.6.0.25
7f282f121000-7f282f123000 rw-p 00188000 08:05 5510054                    /usr/lib/x86_64-linux-gnu/libstdc++.so.6.0.25
7f282f123000-7f282f127000 rw-p 00000000 00:00 0 
7f282f127000-7f282fdbc000 r-xp 00000000 08:05 1455269                    /usr/lib/jvm/java-8-openjdk-amd64/jre/lib/amd64/server/libjvm.so
7f282fdbc000-7f282ffbb000 ---p 00c95000 08:05 1455269                    /usr/lib/jvm/java-8-openjdk-amd64/jre/lib/amd64/server/libjvm.so
7f282ffbb000-7f283004f000 r--p 00c94000 08:05 1455269                    /usr/lib/jvm/java-8-openjdk-amd64/jre/lib/amd64/server/libjvm.so
7f283004f000-7f2830077000 rw-p 00d28000 08:05 1455269                    /usr/lib/jvm/java-8-openjdk-amd64/jre/lib/amd64/server/libjvm.so
7f2830077000-7f28300a8000 rw-p 00000000 00:00 0 
7f28300a8000-7f28300c2000 r-xp 00000000 08:05 786471                     /lib/x86_64-linux-gnu/libpthread-2.27.so
7f28300c2000-7f28302c1000 ---p 0001a000 08:05 786471                     /lib/x86_64-linux-gnu/libpthread-2.27.so
7f28302c1000-7f28302c2000 r--p 00019000 08:05 786471                     /lib/x86_64-linux-gnu/libpthread-2.27.so
7f28302c2000-7f28302c3000 rw-p 0001a000 08:05 786471                     /lib/x86_64-linux-gnu/libpthread-2.27.so
7f28302c3000-7f28302c7000 rw-p 00000000 00:00 0 
7f28302c7000-7f28302ca000 r-xp 00000000 08:05 786459                     /lib/x86_64-linux-gnu/libdl-2.27.so
7f28302ca000-7f28304c9000 ---p 00003000 08:05 786459                     /lib/x86_64-linux-gnu/libdl-2.27.so
7f28304c9000-7f28304ca000 r--p 00002000 08:05 786459                     /lib/x86_64-linux-gnu/libdl-2.27.so
7f28304ca000-7f28304cb000 rw-p 00003000 08:05 786459                     /lib/x86_64-linux-gnu/libdl-2.27.so
7f28304cb000-7f28304e7000 r-xp 00000000 08:05 786599                     /lib/x86_64-linux-gnu/libz.so.1.2.11
7f28304e7000-7f28306e6000 ---p 0001c000 08:05 786599                     /lib/x86_64-linux-gnu/libz.so.1.2.11
7f28306e6000-7f28306e7000 r--p 0001b000 08:05 786599                     /lib/x86_64-linux-gnu/libz.so.1.2.11
7f28306e7000-7f28306e8000 rw-p 0001c000 08:05 786599                     /lib/x86_64-linux-gnu/libz.so.1.2.11
7f28306e8000-7f28308cf000 r-xp 00000000 08:05 786456                     /lib/x86_64-linux-gnu/libc-2.27.so
7f28308cf000-7f2830acf000 ---p 001e7000 08:05 786456                     /lib/x86_64-linux-gnu/libc-2.27.so
7f2830acf000-7f2830ad3000 r--p 001e7000 08:05 786456                     /lib/x86_64-linux-gnu/libc-2.27.so
7f2830ad3000-7f2830ad5000 rw-p 001eb000 08:05 786456                     /lib/x86_64-linux-gnu/libc-2.27.so
7f2830ad5000-7f2830ad9000 rw-p 00000000 00:00 0 
7f2830ad9000-7f2830ae7000 r-xp 00000000 08:05 1455230                    /usr/lib/jvm/java-8-openjdk-amd64/jre/lib/amd64/jli/libjli.so
7f2830ae7000-7f2830ce6000 ---p 0000e000 08:05 1455230                    /usr/lib/jvm/java-8-openjdk-amd64/jre/lib/amd64/jli/libjli.so
7f2830ce6000-7f2830ce7000 r--p 0000d000 08:05 1455230                    /usr/lib/jvm/java-8-openjdk-amd64/jre/lib/amd64/jli/libjli.so
7f2830ce7000-7f2830ce8000 rw-p 0000e000 08:05 1455230                    /usr/lib/jvm/java-8-openjdk-amd64/jre/lib/amd64/jli/libjli.so
7f2830ce8000-7f2830d0f000 r-xp 00000000 08:05 786447                     /lib/x86_64-linux-gnu/ld-2.27.so
7f2830d6d000-7f2830dcd000 r--s 00000000 08:05 1325353                    /var/cache/nscd/passwd
7f2830dcd000-7f2830dce000 ---p 00000000 00:00 0 
7f2830dce000-7f2830dd1000 ---p 00000000 00:00 0 
7f2830dd1000-7f2830ed0000 rw-p 00000000 00:00 0 
7f2830f03000-7f2830f0b000 rw-s 00000000 08:05 3547639                    /tmp/hsperfdata_mdodard/27104
7f2830f0b000-7f2830f0c000 rw-p 00000000 00:00 0 
7f2830f0c000-7f2830f0d000 r--p 00000000 00:00 0 
7f2830f0d000-7f2830f0f000 rw-p 00000000 00:00 0 
7f2830f0f000-7f2830f10000 r--p 00027000 08:05 786447                     /lib/x86_64-linux-gnu/ld-2.27.so
7f2830f10000-7f2830f11000 rw-p 00028000 08:05 786447                     /lib/x86_64-linux-gnu/ld-2.27.so
7f2830f11000-7f2830f12000 rw-p 00000000 00:00 0 
7ffe3688d000-7ffe368af000 rw-p 00000000 00:00 0                          [stack]
7ffe369c0000-7ffe369c3000 r--p 00000000 00:00 0                          [vvar]
7ffe369c3000-7ffe369c5000 r-xp 00000000 00:00 0                          [vdso]
ffffffffff600000-ffffffffff601000 r-xp 00000000 00:00 0                  [vsyscall]

VM Arguments:
jvm_args: -Xms4G -Dfile.encoding=UTF-8 
java_command: requester.Runner -queries data/testsuite/1200 -data data/data_RDFXML/500K.rdfxml -output data/output -export_stats -export_results -verbose -workload_time
java_class_path (initial): /usr/lib/jvm/java-8-openjdk-amd64/jre/lib/resources.jar:/usr/lib/jvm/java-8-openjdk-amd64/jre/lib/rt.jar:/usr/lib/jvm/java-8-openjdk-amd64/jre/lib/jsse.jar:/usr/lib/jvm/java-8-openjdk-amd64/jre/lib/jce.jar:/usr/lib/jvm/java-8-openjdk-amd64/jre/lib/charsets.jar:/usr/lib/jvm/java-8-openjdk-amd64/jre/lib/ext/nashorn.jar:/usr/lib/jvm/java-8-openjdk-amd64/jre/lib/ext/dnsns.jar:/usr/lib/jvm/java-8-openjdk-amd64/jre/lib/ext/jaccess.jar:/usr/lib/jvm/java-8-openjdk-amd64/jre/lib/ext/sunpkcs11.jar:/usr/lib/jvm/java-8-openjdk-amd64/jre/lib/ext/zipfs.jar:/usr/lib/jvm/java-8-openjdk-amd64/jre/lib/ext/localedata.jar:/usr/lib/jvm/java-8-openjdk-amd64/jre/lib/ext/java-atk-wrapper.jar:/usr/lib/jvm/java-8-openjdk-amd64/jre/lib/ext/cldrdata.jar:/usr/lib/jvm/java-8-openjdk-amd64/jre/lib/ext/sunec.jar:/usr/lib/jvm/java-8-openjdk-amd64/jre/lib/ext/sunjce_provider.jar:/usr/lib/jvm/java-8-openjdk-amd64/jre/lib/ext/icedtea-sound.jar:/auto_home/mdodard/workspace/RDF_Query_Engine/bin:/auto_home/mdodard/workspace/RDF_Query_Engine/lib/libraries/commons-io-2.4.jar:/auto_home/mdodard/workspace/RDF_Query_Engine/lib/libraries/sesame-model-2.7.11.jar:/auto_home/mdodard/workspace/RDF_Query_Engine/lib/libraries/sesame-queryalgebra-evaluation-2.7.11.jar:/auto_home/mdodard/workspace/RDF_Query_Engine/lib/libraries/sesame-rio-api-2.7.11.jar:/auto_home/mdodard/workspace/RDF_Query_Engine/lib/libraries/sesame-rio-extensions-api-0.1.jar:/auto_home/mdodard/workspace/RDF_Query_Engine/lib/libraries/sesame-rio-rdfxml-2.7.11.jar:/auto_home/mdodard/workspace/RDF_Query_Engine/lib/libraries/sesame-util-2.7.11.jar:/auto_home/mdodard/workspace/RDF_Query_Engine/lib/libraries/slf4j-api-1.6.4.jar:/auto_home/mdodard/workspace/RDF_Query_Engine/lib/libraries/slf4j-simple-1.6.4.jar:/auto_home/mdodard/workspace/jena/commons-codec-1.6.jar:/auto_home/mdodard/workspace/jena/httpclient-4.2.3.jar:/auto_home/mdodard/workspace/jena/httpcore-4.2.2.jar:/auto_home/mdodard/workspace/jena/jcl-over-slf4j-1.6.4.
Launcher Type: SUN_STANDARD

Environment Variables:
JAVA_HOME=/usr/lib/jvm/java-8-oracle
PATH=/usr/local/bin:/usr/bin:/bin:/net/apps/bin:/usr/lib/jvm/java-8-oracle/bin:/usr/lib/jvm/java-8-oracle/db/bin:/usr/lib/jvm/java-8-oracle/jre/bin
LD_LIBRARY_PATH=
SHELL=/bin/bash
DISPLAY=:68.0

Signal Handlers:
SIGSEGV: [libjvm.so+0xaaf3b0], sa_mask[0]=11111111011111111101111111111110, sa_flags=SA_RESTART|SA_SIGINFO
SIGBUS: [libjvm.so+0xaaf3b0], sa_mask[0]=11111111011111111101111111111110, sa_flags=SA_RESTART|SA_SIGINFO
SIGFPE: [libjvm.so+0x8e52f0], sa_mask[0]=11111111011111111101111111111110, sa_flags=SA_RESTART|SA_SIGINFO
SIGPIPE: [libjvm.so+0x8e52f0], sa_mask[0]=11111111011111111101111111111110, sa_flags=SA_RESTART|SA_SIGINFO
SIGXFSZ: [libjvm.so+0x8e52f0], sa_mask[0]=11111111011111111101111111111110, sa_flags=SA_RESTART|SA_SIGINFO
SIGILL: [libjvm.so+0x8e52f0], sa_mask[0]=11111111011111111101111111111110, sa_flags=SA_RESTART|SA_SIGINFO
SIGUSR1: SIG_DFL, sa_mask[0]=00000000000000000000000000000000, sa_flags=none
SIGUSR2: [libjvm.so+0x8e51a0], sa_mask[0]=00100000000000000000000000000000, sa_flags=SA_RESTART|SA_SIGINFO
SIGHUP: SIG_DFL, sa_mask[0]=00000000000000000000000000000000, sa_flags=none
SIGINT: SIG_DFL, sa_mask[0]=00000000000000000000000000000000, sa_flags=none
SIGTERM: SIG_DFL, sa_mask[0]=00000000000000000000000000000000, sa_flags=none
SIGQUIT: SIG_DFL, sa_mask[0]=00000000000000000000000000000000, sa_flags=none


---------------  S Y S T E M  ---------------

OS:DISTRIB_ID=Ubuntu
DISTRIB_RELEASE=18.04
DISTRIB_CODENAME=bionic
DISTRIB_DESCRIPTION="Ubuntu 18.04.1 LTS"

uname:Linux 4.15.0-39-generic #42-Ubuntu SMP Tue Oct 23 15:48:01 UTC 2018 x86_64
libc:glibc 2.27 NPTL 2.27 
rlimit: STACK 8192k, CORE 0k, NPROC 63994, NOFILE 1048576, AS infinity
load average:27.13 17.83 10.32

/proc/meminfo:
MemTotal:       16424312 kB
MemFree:          323208 kB
MemAvailable:    1447136 kB
Buffers:           44680 kB
Cached:          1540836 kB
SwapCached:       133580 kB
Active:          8094680 kB
Inactive:        6083836 kB
Active(anon):    7560976 kB
Inactive(anon):  5590336 kB
Active(file):     533704 kB
Inactive(file):   493500 kB
Unevictable:        3152 kB
Mlocked:            3152 kB
SwapTotal:       2097148 kB
SwapFree:              0 kB
Dirty:               216 kB
Writeback:           440 kB
AnonPages:      12463744 kB
Mapped:           937800 kB
Shmem:            558564 kB
Slab:            1236212 kB
SReclaimable:     492860 kB
SUnreclaim:       743352 kB
KernelStack:       95776 kB
PageTables:       404772 kB
NFS_Unstable:          0 kB
Bounce:                0 kB
WritebackTmp:          0 kB
CommitLimit:    10309304 kB
Committed_AS:   51445248 kB
VmallocTotal:   34359738367 kB
VmallocUsed:           0 kB
VmallocChunk:          0 kB
HardwareCorrupted:     0 kB
AnonHugePages:     22528 kB
ShmemHugePages:        0 kB
ShmemPmdMapped:        0 kB
CmaTotal:              0 kB
CmaFree:               0 kB
HugePages_Total:       0
HugePages_Free:        0
HugePages_Rsvd:        0
HugePages_Surp:        0
Hugepagesize:       2048 kB
DirectMap4k:     1527744 kB
DirectMap2M:    15249408 kB


CPU:total 12 (initial active 12) (6 cores per cpu, 1 threads per core) family 6 model 45 stepping 2, cmov, cx8, fxsr, mmx, sse, sse2, sse3, ssse3, sse4.1, sse4.2, popcnt, avx, aes, clmul, tsc, tscinvbit, tscinv

/proc/cpuinfo:
processor	: 0
vendor_id	: GenuineIntel
cpu family	: 6
model		: 45
model name	: Intel(R) Xeon(R) CPU E5-2695 v3 @ 2.30GHz
stepping	: 2
microcode	: 0x36
cpu MHz		: 2299.998
cache size	: 35840 KB
physical id	: 0
siblings	: 6
core id		: 0
cpu cores	: 6
apicid		: 0
initial apicid	: 0
fpu		: yes
fpu_exception	: yes
cpuid level	: 13
wp		: yes
flags		: fpu vme de pse tsc msr pae mce cx8 apic sep mtrr pge mca cmov pat pse36 clflush dts mmx fxsr sse sse2 ss ht syscall nx rdtscp lm constant_tsc arch_perfmon pebs bts nopl xtopology tsc_reliable nonstop_tsc cpuid aperfmperf pni pclmulqdq ssse3 cx16 pcid sse4_1 sse4_2 x2apic popcnt tsc_deadline_timer aes xsave avx hypervisor lahf_lm epb pti tsc_adjust dtherm ida arat pln pts
bugs		: cpu_meltdown spectre_v1 spectre_v2 spec_store_bypass l1tf
bogomips	: 4599.99
clflush size	: 64
cache_alignment	: 64
address sizes	: 42 bits physical, 48 bits virtual
power management:

processor	: 1
vendor_id	: GenuineIntel
cpu family	: 6
model		: 45
model name	: Intel(R) Xeon(R) CPU E5-2695 v3 @ 2.30GHz
stepping	: 2
microcode	: 0x36
cpu MHz		: 2299.998
cache size	: 35840 KB
physical id	: 0
siblings	: 6
core id		: 1
cpu cores	: 6
apicid		: 1
initial apicid	: 1
fpu		: yes
fpu_exception	: yes
cpuid level	: 13
wp		: yes
flags		: fpu vme de pse tsc msr pae mce cx8 apic sep mtrr pge mca cmov pat pse36 clflush dts mmx fxsr sse sse2 ss ht syscall nx rdtscp lm constant_tsc arch_perfmon pebs bts nopl xtopology tsc_reliable nonstop_tsc cpuid aperfmperf pni pclmulqdq ssse3 cx16 pcid sse4_1 sse4_2 x2apic popcnt tsc_deadline_timer aes xsave avx hypervisor lahf_lm epb pti tsc_adjust dtherm ida arat pln pts
bugs		: cpu_meltdown spectre_v1 spectre_v2 spec_store_bypass l1tf
bogomips	: 4599.99
clflush size	: 64
cache_alignment	: 64
address sizes	: 42 bits physical, 48 bits virtual
power management:

processor	: 2
vendor_id	: GenuineIntel
cpu family	: 6
model		: 45
model name	: Intel(R) Xeon(R) CPU E5-2695 v3 @ 2.30GHz
stepping	: 2
microcode	: 0x36
cpu MHz		: 2299.998
cache size	: 35840 KB
physical id	: 0
siblings	: 6
core id		: 2
cpu cores	: 6
apicid		: 2
initial apicid	: 2
fpu		: yes
fpu_exception	: yes
cpuid level	: 13
wp		: yes
flags		: fpu vme de pse tsc msr pae mce cx8 apic sep mtrr pge mca cmov pat pse36 clflush dts mmx fxsr sse sse2 ss ht syscall nx rdtscp lm constant_tsc arch_perfmon pebs bts nopl xtopology tsc_reliable nonstop_tsc cpuid aperfmperf pni pclmulqdq ssse3 cx16 pcid sse4_1 sse4_2 x2apic popcnt tsc_deadline_timer aes xsave avx hypervisor lahf_lm epb pti tsc_adjust dtherm ida arat pln pts
bugs		: cpu_meltdown spectre_v1 spectre_v2 spec_store_bypass l1tf
bogomips	: 4599.99
clflush size	: 64
cache_alignment	: 64
address sizes	: 42 bits physical, 48 bits virtual
power management:

processor	: 3
vendor_id	: GenuineIntel
cpu family	: 6
model		: 45
model name	: Intel(R) Xeon(R) CPU E5-2695 v3 @ 2.30GHz
stepping	: 2
microcode	: 0x36
cpu MHz		: 2299.998
cache size	: 35840 KB
physical id	: 0
siblings	: 6
core id		: 3
cpu cores	: 6
apicid		: 3
initial apicid	: 3
fpu		: yes
fpu_exception	: yes
cpuid level	: 13
wp		: yes
flags		: fpu vme de pse tsc msr pae mce cx8 apic sep mtrr pge mca cmov pat pse36 clflush dts mmx fxsr sse sse2 ss ht syscall nx rdtscp lm constant_tsc arch_perfmon pebs bts nopl xtopology tsc_reliable nonstop_tsc cpuid aperfmperf pni pclmulqdq ssse3 cx16 pcid sse4_1 sse4_2 x2apic popcnt tsc_deadline_timer aes xsave avx hypervisor lahf_lm epb pti tsc_adjust dtherm ida arat pln pts
bugs		: cpu_meltdown spectre_v1 spectre_v2 spec_store_bypass l1tf
bogomips	: 4599.99
clflush size	: 64
cache_alignment	: 64
address sizes	: 42 bits physical, 48 bits virtual
power management:

processor	: 4
vendor_id	: GenuineIntel
cpu family	: 6
model		: 45
model name	: Intel(R) Xeon(R) CPU E5-2695 v3 @ 2.30GHz
stepping	: 2
microcode	: 0x36
cpu MHz		: 2299.998
cache size	: 35840 KB
physical id	: 0
siblings	: 6
core id		: 4
cpu cores	: 6
apicid		: 4
initial apicid	: 4
fpu		: yes
fpu_exception	: yes
cpuid level	: 13
wp		: yes
flags		: fpu vme de pse tsc msr pae mce cx8 apic sep mtrr pge mca cmov pat pse36 clflush dts mmx fxsr sse sse2 ss ht syscall nx rdtscp lm constant_tsc arch_perfmon pebs bts nopl xtopology tsc_reliable nonstop_tsc cpuid aperfmperf pni pclmulqdq ssse3 cx16 pcid sse4_1 sse4_2 x2apic popcnt tsc_deadline_timer aes xsave avx hypervisor lahf_lm epb pti tsc_adjust dtherm ida arat pln pts
bugs		: cpu_meltdown spectre_v1 spectre_v2 spec_store_bypass l1tf
bogomips	: 4599.99
clflush size	: 64
cache_alignment	: 64
address sizes	: 42 bits physical, 48 bits virtual
power management:

processor	: 5
vendor_id	: GenuineIntel
cpu family	: 6
model		: 45
model name	: Intel(R) Xeon(R) CPU E5-2695 v3 @ 2.30GHz
stepping	: 2
microcode	: 0x36
cpu MHz		: 2299.998
cache size	: 35840 KB
physical id	: 0
siblings	: 6
core id		: 5
cpu cores	: 6
apicid		: 5
initial apicid	: 5
fpu		: yes
fpu_exception	: yes
cpuid level	: 13
wp		: yes
flags		: fpu vme de pse tsc msr pae mce cx8 apic sep mtrr pge mca cmov pat pse36 clflush dts mmx fxsr sse sse2 ss ht syscall nx rdtscp lm constant_tsc arch_perfmon pebs bts nopl xtopology tsc_reliable nonstop_tsc cpuid aperfmperf pni pclmulqdq ssse3 cx16 pcid sse4_1 sse4_2 x2apic popcnt tsc_deadline_timer aes xsave avx hypervisor lahf_lm epb pti tsc_adjust dtherm ida arat pln pts
bugs		: cpu_meltdown spectre_v1 spectre_v2 spec_store_bypass l1tf
bogomips	: 4599.99
clflush size	: 64
cache_alignment	: 64
address sizes	: 42 bits physical, 48 bits virtual
power management:

processor	: 6
vendor_id	: GenuineIntel
cpu family	: 6
model		: 45
model name	: Intel(R) Xeon(R) CPU E5-2695 v3 @ 2.30GHz
stepping	: 2
microcode	: 0x36
cpu MHz		: 2299.998
cache size	: 35840 KB
physical id	: 1
siblings	: 6
core id		: 0
cpu cores	: 6
apicid		: 8
initial apicid	: 8
fpu		: yes
fpu_exception	: yes
cpuid level	: 13
wp		: yes
flags		: fpu vme de pse tsc msr pae mce cx8 apic sep mtrr pge mca cmov pat pse36 clflush dts mmx fxsr sse sse2 ss ht syscall nx rdtscp lm constant_tsc arch_perfmon pebs bts nopl xtopology tsc_reliable nonstop_tsc cpuid aperfmperf pni pclmulqdq ssse3 cx16 pcid sse4_1 sse4_2 x2apic popcnt tsc_deadline_timer aes xsave avx hypervisor lahf_lm epb pti tsc_adjust dtherm ida arat pln pts
bugs		: cpu_meltdown spectre_v1 spectre_v2 spec_store_bypass l1tf
bogomips	: 4599.99
clflush size	: 64
cache_alignment	: 64
address sizes	: 42 bits physical, 48 bits virtual
power management:

processor	: 7
vendor_id	: GenuineIntel
cpu family	: 6
model		: 45
model name	: Intel(R) Xeon(R) CPU E5-2695 v3 @ 2.30GHz
stepping	: 2
microcode	: 0x36
cpu MHz		: 2299.998
cache size	: 35840 KB
physical id	: 1
siblings	: 6
core id		: 1
cpu cores	: 6
apicid		: 9
initial apicid	: 9
fpu		: yes
fpu_exception	: yes
cpuid level	: 13
wp		: yes
flags		: fpu vme de pse tsc msr pae mce cx8 apic sep mtrr pge mca cmov pat pse36 clflush dts mmx fxsr sse sse2 ss ht syscall nx rdtscp lm constant_tsc arch_perfmon pebs bts nopl xtopology tsc_reliable nonstop_tsc cpuid aperfmperf pni pclmulqdq ssse3 cx16 pcid sse4_1 sse4_2 x2apic popcnt tsc_deadline_timer aes xsave avx hypervisor lahf_lm epb pti tsc_adjust dtherm ida arat pln pts
bugs		: cpu_meltdown spectre_v1 spectre_v2 spec_store_bypass l1tf
bogomips	: 4599.99
clflush size	: 64
cache_alignment	: 64
address sizes	: 42 bits physical, 48 bits virtual
power management:

processor	: 8
vendor_id	: GenuineIntel
cpu family	: 6
model		: 45
model name	: Intel(R) Xeon(R) CPU E5-2695 v3 @ 2.30GHz
stepping	: 2
microcode	: 0x36
cpu MHz		: 2299.998
cache size	: 35840 KB
physical id	: 1
siblings	: 6
core id		: 2
cpu cores	: 6
apicid		: 10
initial apicid	: 10
fpu		: yes
fpu_exception	: yes
cpuid level	: 13
wp		: yes
flags		: fpu vme de pse tsc msr pae mce cx8 apic sep mtrr pge mca cmov pat pse36 clflush dts mmx fxsr sse sse2 ss ht syscall nx rdtscp lm constant_tsc arch_perfmon pebs bts nopl xtopology tsc_reliable nonstop_tsc cpuid aperfmperf pni pclmulqdq ssse3 cx16 pcid sse4_1 sse4_2 x2apic popcnt tsc_deadline_timer aes xsave avx hypervisor lahf_lm epb pti tsc_adjust dtherm ida arat pln pts
bugs		: cpu_meltdown spectre_v1 spectre_v2 spec_store_bypass l1tf
bogomips	: 4599.99
clflush size	: 64
cache_alignment	: 64
address sizes	: 42 bits physical, 48 bits virtual
power management:

processor	: 9
vendor_id	: GenuineIntel
cpu family	: 6
model		: 45
model name	: Intel(R) Xeon(R) CPU E5-2695 v3 @ 2.30GHz
stepping	: 2
microcode	: 0x36
cpu MHz		: 2299.998
cache size	: 35840 KB
physical id	: 1
siblings	: 6
core id		: 3
cpu cores	: 6
apicid		: 11
initial apicid	: 11
fpu		: yes
fpu_exception	: yes
cpuid level	: 13
wp		: yes
flags		: fpu vme de pse tsc msr pae mce cx8 apic sep mtrr pge mca cmov pat pse36 clflush dts mmx fxsr sse sse2 ss ht syscall nx rdtscp lm constant_tsc arch_perfmon pebs bts nopl xtopology tsc_reliable nonstop_tsc cpuid aperfmperf pni pclmulqdq ssse3 cx16 pcid sse4_1 sse4_2 x2apic popcnt tsc_deadline_timer aes xsave avx hypervisor lahf_lm epb pti tsc_adjust dtherm ida arat pln pts
bugs		: cpu_meltdown spectre_v1 spectre_v2 spec_store_bypass l1tf
bogomips	: 4599.99
clflush size	: 64
cache_alignment	: 64
address sizes	: 42 bits physical, 48 bits virtual
power management:

processor	: 10
vendor_id	: GenuineIntel
cpu family	: 6
model		: 45
model name	: Intel(R) Xeon(R) CPU E5-2695 v3 @ 2.30GHz
stepping	: 2
microcode	: 0x36
cpu MHz		: 2299.998
cache size	: 35840 KB
physical id	: 1
siblings	: 6
core id		: 4
cpu cores	: 6
apicid		: 12
initial apicid	: 12
fpu		: yes
fpu_exception	: yes
cpuid level	: 13
wp		: yes
flags		: fpu vme de pse tsc msr pae mce cx8 apic sep mtrr pge mca cmov pat pse36 clflush dts mmx fxsr sse sse2 ss ht syscall nx rdtscp lm constant_tsc arch_perfmon pebs bts nopl xtopology tsc_reliable nonstop_tsc cpuid aperfmperf pni pclmulqdq ssse3 cx16 pcid sse4_1 sse4_2 x2apic popcnt tsc_deadline_timer aes xsave avx hypervisor lahf_lm epb pti tsc_adjust dtherm ida arat pln pts
bugs		: cpu_meltdown spectre_v1 spectre_v2 spec_store_bypass l1tf
bogomips	: 4599.99
clflush size	: 64
cache_alignment	: 64
address sizes	: 42 bits physical, 48 bits virtual
power management:

processor	: 11
vendor_id	: GenuineIntel
cpu family	: 6
model		: 45
model name	: Intel(R) Xeon(R) CPU E5-2695 v3 @ 2.30GHz
stepping	: 2
microcode	: 0x36
cpu MHz		: 2299.998
cache size	: 35840 KB
physical id	: 1
siblings	: 6
core id		: 5
cpu cores	: 6
apicid		: 13
initial apicid	: 13
fpu		: yes
fpu_exception	: yes
cpuid level	: 13
wp		: yes
flags		: fpu vme de pse tsc msr pae mce cx8 apic sep mtrr pge mca cmov pat pse36 clflush dts mmx fxsr sse sse2 ss ht syscall nx rdtscp lm constant_tsc arch_perfmon pebs bts nopl xtopology tsc_reliable nonstop_tsc cpuid aperfmperf pni pclmulqdq ssse3 cx16 pcid sse4_1 sse4_2 x2apic popcnt tsc_deadline_timer aes xsave avx hypervisor lahf_lm epb pti tsc_adjust dtherm ida arat pln pts
bugs		: cpu_meltdown spectre_v1 spectre_v2 spec_store_bypass l1tf
bogomips	: 4599.99
clflush size	: 64
cache_alignment	: 64
address sizes	: 42 bits physical, 48 bits virtual
power management:



Memory: 4k page, physical 16424312k(323904k free), swap 2097148k(0k free)

vm_info: OpenJDK 64-Bit Server VM (25.181-b13) for linux-amd64 JRE (1.8.0_181-8u181-b13-1ubuntu0.18.04.1-b13), built on Oct 22 2018 17:29:08 by "buildd" with gcc 7.3.0

time: Sat Nov 17 12:54:11 2018
elapsed time: 0 seconds (0d 0h 0m 0s)

